stopping the following units: accounts-daemon.service
activating the configuration...
setting up /etc...
reloading user units for andrew...
setting up tmpfiles
reloading the following units: dbus.service
restarting the following units: polkit.service
starting the following units: accounts-daemon.service
k703wq869m5rr4-unit-dbus.service.drv
  /nix/store/adbw9dy8qpqp7q7bh5bc35xbk644irbv-user-units.drv
  /nix/store/1v2zza5mb7k7pk37z3zd4amh7qbl6sh0-unit-accounts-daemon.service.drv
  /nix/store/5l2pkqidaf0x50lmihkinpqwnc3lqlm2-X-Restart-Triggers-polkit.drv
  /nix/store/7crysfpnvg4cqnf2dgqklj64hw8rfkyf-unit-polkit.service.drv
  /nix/store/7ir2knvn328lbl5bdyv68y4bbz91bpvy-unit-dbus.service.drv
  /nix/store/lk5l82ql343is0wcgfkp8za4znpqb114-system-units.drv
  /nix/store/17f4zl3ms74vq138xcwlsmin9xjk42z6-etc.drv
  /nix/store/rvlj7f85fz2vfq123ci5w97g3xwc6y9s-nixos-system-nixos-23.11.4801.b7ee09cf5614.drv
these 3 paths will be fetched (2.17 MiB download, 9.40 MiB unpacked):
  /nix/store/2h4rq555ygz4qfwn6j38f1vhrdzl54af-btop-1.2.13
  /nix/store/qqfqwkpdwraqafkm737rm5bzw1xvkmrh-gcc-12.3.0-lib
  /nix/store/6pqrjhkyrzjvlc8xym0rl6bnly5arskv-gcc-12.3.0-libgcc
copying path '/nix/store/6pqrjhkyrzjvlc8xym0rl6bnly5arskv-gcc-12.3.0-libgcc' from 'https://cache.nixos.org'...
copying path '/nix/store/qqfqwkpdwraqafkm737rm5bzw1xvkmrh-gcc-12.3.0-lib' from 'https://cache.nixos.org'...
copying path '/nix/store/2h4rq555ygz4qfwn6j38f1vhrdzl54af-btop-1.2.13' from 'https://cache.nixos.org'...
building '/nix/store/c7y4xrf40rxpj5yyn5f9vgh9cx57gf1b-system-path.drv'...
warning: collision between `/nix/store/yqvzsmrx22s3hab6fcrfcvgsj426x07y-steam/bin/steam' and `/nix/store/vhivrpp8q82wfp8lddpf8pa1irwq5qv0-steam/bin/steam'
created 34111 symlinks in user environment
gtk-update-icon-cache: Cache file created successfully.
building '/nix/store/5l2pkqidaf0x50lmihkinpqwnc3lqlm2-X-Restart-Triggers-polkit.drv'...
building '/nix/store/zyj07zx828sfg7kf5ni3vigsbq3j1drx-dbus-1.drv'...
building '/nix/store/1v2zza5mb7k7pk37z3zd4amh7qbl6sh0-unit-accounts-daemon.service.drv'...
building '/nix/store/63qy3ayi3rcxlgz9zvh4q2n3pgzry3iy-X-Restart-Triggers-dbus.drv'...
building '/nix/store/7crysfpnvg4cqnf2dgqklj64hw8rfkyf-unit-polkit.service.drv'...
building '/nix/store/7ir2knvn328lbl5bdyv68y4bbz91bpvy-unit-dbus.service.drv'...
building '/nix/store/y27b40j5lw5cq7dfm0k703wq869m5rr4-unit-dbus.service.drv'...
building '/nix/store/lk5l82ql343is0wcgfkp8za4znpqb114-system-units.drv'...
building '/nix/store/adbw9dy8qpqp7q7bh5bc35xbk644irbv-user-units.drv'...
building '/nix/store/17f4zl3ms74vq138xcwlsmin9xjk42z6-etc.drv'...
building '/nix/store/rvlj7f85fz2vfq123ci5w97g3xwc6y9s-nixos-system-nixos-23.11.4801.b7ee09cf5614.drv'...
